{
  "RSpec": {
    "coverage": {
      "/home/rudep/rails/test_news/config/environment.rb": [
        null,
        1,
        null,
        null,
        1
      ],
      "/home/rudep/rails/test_news/config/application.rb": [
        1,
        null,
        1,
        null,
        null,
        null,
        1,
        null,
        1,
        1,
        null,
        1,
        null,
        null,
        null,
        null,
        null,
        null
      ],
      "/home/rudep/rails/test_news/config/boot.rb": [
        1,
        null,
        1
      ],
      "/home/rudep/rails/test_news/config/environments/development.rb": [
        1,
        null,
        null,
        null,
        null,
        null,
        1,
        null,
        null,
        1,
        null,
        null,
        1,
        null,
        null,
        1,
        0,
        null,
        0,
        0,
        null,
        null,
        null,
        1,
        null,
        1,
        null,
        null,
        null,
        1,
        null,
        1,
        null,
        null,
        1,
        null,
        null,
        1,
        null,
        null,
        null,
        null,
        1,
        null,
        null,
        1,
        null,
        null,
        null,
        null,
        null,
        null,
        1,
        null,
        null,
        1,
        1,
        1,
        null,
        null,
        null,
        null,
        null,
        null
      ],
      "/home/rudep/rails/test_news/config/initializers/active_job.rb": [
        null,
        1
      ],
      "/home/rudep/rails/test_news/config/initializers/application_controller_renderer.rb": [
        null,
        null,
        null,
        null,
        null,
        null
      ],
      "/home/rudep/rails/test_news/config/initializers/assets.rb": [
        null,
        null,
        null,
        1,
        null,
        null,
        null,
        null,
        1,
        null,
        null,
        null,
        null,
        null
      ],
      "/home/rudep/rails/test_news/config/initializers/backtrace_silencers.rb": [
        null,
        null,
        null,
        null,
        null,
        null,
        null
      ],
      "/home/rudep/rails/test_news/config/initializers/cookies_serializer.rb": [
        null,
        null,
        null,
        null,
        1
      ],
      "/home/rudep/rails/test_news/config/initializers/filter_parameter_logging.rb": [
        null,
        null,
        null,
        1
      ],
      "/home/rudep/rails/test_news/config/initializers/inflections.rb": [
        null,
        null,
        null,
        null,
        null,
        null,
        null,
        null,
        null,
        null,
        null,
        null,
        null,
        null,
        null,
        null
      ],
      "/home/rudep/rails/test_news/config/initializers/mime_types.rb": [
        null,
        null,
        null,
        null
      ],
      "/home/rudep/rails/test_news/config/initializers/wrap_parameters.rb": [
        null,
        null,
        null,
        null,
        null,
        null,
        1,
        2,
        null,
        null,
        null,
        null,
        null,
        null
      ],
      "/home/rudep/rails/test_news/spec/factories/news.rb": [
        1,
        1,
        null,
        null,
        null
      ],
      "/home/rudep/rails/test_news/config/routes.rb": [
        1,
        null,
        null,
        1,
        null,
        1,
        null,
        1,
        null,
        1,
        1,
        1,
        1,
        1,
        null,
        null,
        null,
        null
      ],
      "/home/rudep/rails/test_news/app/helpers/application_helper.rb": [
        1,
        null
      ],
      "/home/rudep/rails/test_news/app/helpers/news_helper.rb": [
        1,
        null
      ],
      "/home/rudep/rails/test_news/app/helpers/welcome_helper.rb": [
        1,
        null
      ],
      "/home/rudep/rails/test_news/app/controllers/news_controller.rb": [
        1,
        null,
        null,
        1,
        1,
        1,
        0,
        null,
        1,
        null,
        null,
        1,
        null,
        null,
        null,
        null,
        1,
        1,
        1,
        1,
        1,
        null,
        0,
        null,
        null,
        null,
        null,
        null,
        1,
        1,
        1,
        null,
        1,
        1,
        1,
        1,
        1,
        1,
        1,
        null,
        null,
        0,
        0,
        0,
        0,
        null,
        null,
        1,
        1,
        null,
        1,
        null,
        1,
        null,
        null,
        0,
        null,
        null,
        null,
        null,
        1,
        null,
        null,
        1,
        2,
        1,
        null,
        1,
        94,
        null,
        null,
        1,
        1,
        1,
        1,
        1,
        1,
        null,
        0,
        null,
        null,
        null,
        null,
        1,
        null,
        null,
        2,
        null,
        null,
        null
      ],
      "/home/rudep/rails/test_news/app/controllers/application_controller.rb": [
        1,
        1,
        null,
        1,
        null
      ],
      "/home/rudep/rails/test_news/spec/controllers/welcome_controller_spec.rb": [
        1,
        null,
        1,
        1,
        1,
        1,
        1,
        null,
        null,
        null
      ],
      "/home/rudep/rails/test_news/app/controllers/welcome_controller.rb": [
        1,
        null,
        1,
        1,
        null,
        null,
        null
      ],
      "/home/rudep/rails/test_news/spec/models/news_spec.rb": [
        1,
        null,
        1,
        2,
        2,
        null
      ],
      "/home/rudep/rails/test_news/app/models/news.rb": [
        1,
        1,
        null,
        1,
        1,
        null,
        3,
        2,
        2,
        null,
        null,
        1,
        2,
        null,
        null
      ],
      "/home/rudep/rails/test_news/app/models/application_record.rb": [
        1,
        1,
        null
      ],
      "/home/rudep/rails/test_news/app/channels/news_updates_channel.rb": [
        1,
        1,
        0,
        null,
        null,
        1,
        null,
        null,
        null
      ],
      "/home/rudep/rails/test_news/app/channels/application_cable/channel.rb": [
        1,
        1,
        null,
        null
      ]
    },
    "timestamp": 1505711133
  }
}
